Compiled jquery.js  (1ms)  (pid 95082)
Compiled jquery_ujs.js  (0ms)  (pid 95082)
Compiled twitter/bootstrap/bootstrap-transition.js  (0ms)  (pid 95082)
Compiled twitter/bootstrap/bootstrap-alert.js  (0ms)  (pid 95082)
Compiled twitter/bootstrap/bootstrap-modal.js  (0ms)  (pid 95082)
Compiled twitter/bootstrap/bootstrap-dropdown.js  (0ms)  (pid 95082)
Compiled twitter/bootstrap/bootstrap-scrollspy.js  (0ms)  (pid 95082)
Compiled twitter/bootstrap/bootstrap-tab.js  (0ms)  (pid 95082)
Compiled twitter/bootstrap/bootstrap-tooltip.js  (0ms)  (pid 95082)
Compiled twitter/bootstrap/bootstrap-popover.js  (0ms)  (pid 95082)
Compiled twitter/bootstrap/bootstrap-button.js  (0ms)  (pid 95082)
Compiled twitter/bootstrap/bootstrap-collapse.js  (0ms)  (pid 95082)
Compiled twitter/bootstrap/bootstrap-carousel.js  (0ms)  (pid 95082)
Compiled twitter/bootstrap/bootstrap-typeahead.js  (0ms)  (pid 95082)
Compiled twitter/bootstrap/bootstrap-affix.js  (0ms)  (pid 95082)
Compiled twitter/bootstrap.js  (110ms)  (pid 95082)
Compiled bootstrap.js  (183ms)  (pid 95082)
Compiled home.js  (87ms)  (pid 95082)
Compiled application.js  (409ms)  (pid 95082)
Compiled jquery.js  (1ms)  (pid 95472)
Compiled jquery_ujs.js  (0ms)  (pid 95472)
Compiled twitter/bootstrap/bootstrap-transition.js  (0ms)  (pid 95472)
Compiled twitter/bootstrap/bootstrap-alert.js  (0ms)  (pid 95472)
Compiled twitter/bootstrap/bootstrap-modal.js  (0ms)  (pid 95472)
Compiled twitter/bootstrap/bootstrap-dropdown.js  (0ms)  (pid 95472)
Compiled twitter/bootstrap/bootstrap-scrollspy.js  (0ms)  (pid 95472)
Compiled twitter/bootstrap/bootstrap-tab.js  (0ms)  (pid 95472)
Compiled twitter/bootstrap/bootstrap-tooltip.js  (0ms)  (pid 95472)
Compiled twitter/bootstrap/bootstrap-popover.js  (0ms)  (pid 95472)
Compiled twitter/bootstrap/bootstrap-button.js  (0ms)  (pid 95472)
Compiled twitter/bootstrap/bootstrap-collapse.js  (0ms)  (pid 95472)
Compiled twitter/bootstrap/bootstrap-carousel.js  (0ms)  (pid 95472)
Compiled twitter/bootstrap/bootstrap-typeahead.js  (0ms)  (pid 95472)
Compiled twitter/bootstrap/bootstrap-affix.js  (0ms)  (pid 95472)
Compiled twitter/bootstrap.js  (81ms)  (pid 95472)
Compiled bootstrap.js  (44ms)  (pid 95472)
Compiled home.js  (0ms)  (pid 95472)
Compiled application.js  (179ms)  (pid 95472)
Compiled jquery.js  (1ms)  (pid 95609)
Compiled jquery_ujs.js  (0ms)  (pid 95609)
Compiled twitter/bootstrap/bootstrap-transition.js  (0ms)  (pid 95609)
Compiled twitter/bootstrap/bootstrap-alert.js  (0ms)  (pid 95609)
Compiled twitter/bootstrap/bootstrap-modal.js  (0ms)  (pid 95609)
Compiled twitter/bootstrap/bootstrap-dropdown.js  (0ms)  (pid 95609)
Compiled twitter/bootstrap/bootstrap-scrollspy.js  (0ms)  (pid 95609)
Compiled twitter/bootstrap/bootstrap-tab.js  (0ms)  (pid 95609)
Compiled twitter/bootstrap/bootstrap-tooltip.js  (0ms)  (pid 95609)
Compiled twitter/bootstrap/bootstrap-popover.js  (0ms)  (pid 95609)
Compiled twitter/bootstrap/bootstrap-button.js  (0ms)  (pid 95609)
Compiled twitter/bootstrap/bootstrap-collapse.js  (0ms)  (pid 95609)
Compiled twitter/bootstrap/bootstrap-carousel.js  (0ms)  (pid 95609)
Compiled twitter/bootstrap/bootstrap-typeahead.js  (0ms)  (pid 95609)
Compiled twitter/bootstrap/bootstrap-affix.js  (0ms)  (pid 95609)
Compiled twitter/bootstrap.js  (116ms)  (pid 95609)
Compiled bootstrap.js  (42ms)  (pid 95609)
Compiled home.js  (0ms)  (pid 95609)
Compiled application.js  (183ms)  (pid 95609)
Compiled jquery.js  (1ms)  (pid 95715)
Compiled jquery_ujs.js  (0ms)  (pid 95715)
Compiled twitter/bootstrap/bootstrap-transition.js  (0ms)  (pid 95715)
Compiled twitter/bootstrap/bootstrap-alert.js  (0ms)  (pid 95715)
Compiled twitter/bootstrap/bootstrap-modal.js  (0ms)  (pid 95715)
Compiled twitter/bootstrap/bootstrap-dropdown.js  (0ms)  (pid 95715)
Compiled twitter/bootstrap/bootstrap-scrollspy.js  (0ms)  (pid 95715)
Compiled twitter/bootstrap/bootstrap-tab.js  (0ms)  (pid 95715)
Compiled twitter/bootstrap/bootstrap-tooltip.js  (0ms)  (pid 95715)
Compiled twitter/bootstrap/bootstrap-popover.js  (0ms)  (pid 95715)
Compiled twitter/bootstrap/bootstrap-button.js  (0ms)  (pid 95715)
Compiled twitter/bootstrap/bootstrap-collapse.js  (0ms)  (pid 95715)
Compiled twitter/bootstrap/bootstrap-carousel.js  (0ms)  (pid 95715)
Compiled twitter/bootstrap/bootstrap-typeahead.js  (0ms)  (pid 95715)
Compiled twitter/bootstrap/bootstrap-affix.js  (0ms)  (pid 95715)
Compiled twitter/bootstrap.js  (83ms)  (pid 95715)
Compiled bootstrap.js  (43ms)  (pid 95715)
Compiled home.js  (0ms)  (pid 95715)
Compiled application.js  (182ms)  (pid 95715)
Compiled jquery.js  (1ms)  (pid 96011)
Compiled jquery_ujs.js  (0ms)  (pid 96011)
Compiled twitter/bootstrap/bootstrap-transition.js  (0ms)  (pid 96011)
Compiled twitter/bootstrap/bootstrap-alert.js  (0ms)  (pid 96011)
Compiled twitter/bootstrap/bootstrap-modal.js  (0ms)  (pid 96011)
Compiled twitter/bootstrap/bootstrap-dropdown.js  (0ms)  (pid 96011)
Compiled twitter/bootstrap/bootstrap-scrollspy.js  (0ms)  (pid 96011)
Compiled twitter/bootstrap/bootstrap-tab.js  (0ms)  (pid 96011)
Compiled twitter/bootstrap/bootstrap-tooltip.js  (0ms)  (pid 96011)
Compiled twitter/bootstrap/bootstrap-popover.js  (0ms)  (pid 96011)
Compiled twitter/bootstrap/bootstrap-button.js  (0ms)  (pid 96011)
Compiled twitter/bootstrap/bootstrap-collapse.js  (0ms)  (pid 96011)
Compiled twitter/bootstrap/bootstrap-carousel.js  (0ms)  (pid 96011)
Compiled twitter/bootstrap/bootstrap-typeahead.js  (0ms)  (pid 96011)
Compiled twitter/bootstrap/bootstrap-affix.js  (0ms)  (pid 96011)
Compiled twitter/bootstrap.js  (86ms)  (pid 96011)
Compiled bootstrap.js  (46ms)  (pid 96011)
Compiled home.js  (0ms)  (pid 96011)
Compiled application.js  (197ms)  (pid 96011)
Compiled bootstrap_and_overrides.css  (535ms)  (pid 96011)
Compiled home.css  (7ms)  (pid 96011)
Compiled application.css  (585ms)  (pid 96011)
Compiled jquery-ui.js  (5ms)  (pid 96011)
Compiled jquery_nested_form.js  (0ms)  (pid 96011)
Compiled tractor/bootstrap-modal.js  (0ms)  (pid 96011)
Compiled tractor/campaigns.js  (0ms)  (pid 96011)
Compiled tractor/dashboard.js  (0ms)  (pid 96011)
Compiled tractor/jquery_nested_form.js  (0ms)  (pid 96011)
Compiled tractor/newsletter_blocks.js  (0ms)  (pid 96011)
Compiled tractor/newsletter_test_emails.js  (0ms)  (pid 96011)
Compiled tractor/newsletters.js  (0ms)  (pid 96011)
Compiled tractor/send_events.js  (0ms)  (pid 96011)
Compiled tractor/templates.js  (0ms)  (pid 96011)
Compiled tractor/application.js  (76ms)  (pid 96011)
Compiled tractor/campaigns.css  (0ms)  (pid 96011)
Compiled tractor/dashboard.css  (0ms)  (pid 96011)
Compiled tractor/newsletter_blocks.css  (0ms)  (pid 96011)
Compiled tractor/newsletter_test_emails.css  (0ms)  (pid 96011)
Compiled tractor/newsletters.css  (0ms)  (pid 96011)
Compiled tractor/send_events.css  (0ms)  (pid 96011)
Compiled tractor/templates.css  (0ms)  (pid 96011)
Compiled tractor/tractor_styles.css  (1ms)  (pid 96011)
Compiled tractor/application.css  (28ms)  (pid 96011)
Compiled jquery.js  (1ms)  (pid 96011)
Compiled jquery_ujs.js  (0ms)  (pid 96011)
Compiled twitter/bootstrap/bootstrap-transition.js  (0ms)  (pid 96011)
Compiled twitter/bootstrap/bootstrap-alert.js  (0ms)  (pid 96011)
Compiled twitter/bootstrap/bootstrap-modal.js  (0ms)  (pid 96011)
Compiled twitter/bootstrap/bootstrap-dropdown.js  (0ms)  (pid 96011)
Compiled twitter/bootstrap/bootstrap-scrollspy.js  (0ms)  (pid 96011)
Compiled twitter/bootstrap/bootstrap-tab.js  (0ms)  (pid 96011)
Compiled twitter/bootstrap/bootstrap-tooltip.js  (0ms)  (pid 96011)
Compiled twitter/bootstrap/bootstrap-popover.js  (0ms)  (pid 96011)
Compiled twitter/bootstrap/bootstrap-button.js  (0ms)  (pid 96011)
Compiled twitter/bootstrap/bootstrap-collapse.js  (0ms)  (pid 96011)
Compiled twitter/bootstrap/bootstrap-carousel.js  (0ms)  (pid 96011)
Compiled twitter/bootstrap/bootstrap-typeahead.js  (0ms)  (pid 96011)
Compiled twitter/bootstrap/bootstrap-affix.js  (0ms)  (pid 96011)
Compiled twitter/bootstrap.js  (113ms)  (pid 96011)
Compiled bootstrap.js  (48ms)  (pid 96011)
Compiled home.js  (0ms)  (pid 96011)
Compiled application.js  (229ms)  (pid 96011)
Compiled bootstrap_and_overrides.css  (512ms)  (pid 96011)
Compiled home.css  (5ms)  (pid 96011)
Compiled application.css  (528ms)  (pid 96011)
Compiled jquery-ui.js  (5ms)  (pid 96011)
Compiled jquery_nested_form.js  (0ms)  (pid 96011)
Compiled tractor/bootstrap-modal.js  (0ms)  (pid 96011)
Compiled tractor/campaigns.js  (0ms)  (pid 96011)
Compiled tractor/dashboard.js  (0ms)  (pid 96011)
Compiled tractor/jquery_nested_form.js  (0ms)  (pid 96011)
Compiled tractor/newsletter_blocks.js  (0ms)  (pid 96011)
Compiled tractor/newsletter_test_emails.js  (0ms)  (pid 96011)
Compiled tractor/newsletters.js  (0ms)  (pid 96011)
Compiled tractor/send_events.js  (0ms)  (pid 96011)
Compiled tractor/templates.js  (0ms)  (pid 96011)
Compiled tractor/application.js  (73ms)  (pid 96011)
Compiled tractor/campaigns.css  (0ms)  (pid 96011)
Compiled tractor/dashboard.css  (0ms)  (pid 96011)
Compiled tractor/newsletter_blocks.css  (0ms)  (pid 96011)
Compiled tractor/newsletter_test_emails.css  (0ms)  (pid 96011)
Compiled tractor/newsletters.css  (0ms)  (pid 96011)
Compiled tractor/send_events.css  (0ms)  (pid 96011)
Compiled tractor/templates.css  (0ms)  (pid 96011)
Compiled tractor/tractor_styles.css  (1ms)  (pid 96011)
Compiled tractor/application.css  (37ms)  (pid 96011)
